<?xml version="1.0" encoding="UTF-8"?>
<!-- Generated by org.testng.reporters.JUnitReportReporter -->
<testsuite hostname="ICPL10347" name="com.automation.webservice.PlaceAnOrder" tests="1" failures="0" timestamp="14 Sep 2017 08:10:32 GMT" time="1.459" errors="0">
  <testcase name="placeOrder" time="1.459" classname="com.automation.webservice.PlaceAnOrder"/>
</testsuite> <!-- com.automation.webservice.PlaceAnOrder -->
