<?xml version="1.0" encoding="UTF-8"?>
<!-- Generated by org.testng.reporters.JUnitReportReporter -->
<testsuite skipped="0" hostname="ICPL11948" name="jesrseydemo.TestEcommerce" tests="1" failures="0" timestamp="17 Sep 2017 10:06:19 GMT" time="0.585" errors="0">
  <testcase name="PlaceAnorder" time="0.585" classname="jesrseydemo.TestEcommerce"/>
</testsuite> <!-- jesrseydemo.TestEcommerce -->
