<?xml version="1.0" encoding="UTF-8"?>
<!-- Generated by org.testng.reporters.JUnitReportReporter -->
<testsuite hostname="ICPL10347" name="com.automation.test.PlaceAnOrder" tests="1" failures="0" timestamp="15 Sep 2017 09:27:28 GMT" time="1.203" errors="0">
  <testcase name="placeOrder" time="1.203" classname="com.automation.test.PlaceAnOrder"/>
</testsuite> <!-- com.automation.test.PlaceAnOrder -->
