<?xml version="1.0" encoding="UTF-8"?>
<!-- Generated by org.testng.reporters.JUnitReportReporter -->
<testsuite skipped="0" hostname="ICPL11948" name="com.test.microservices.TestShoppingSite" tests="1" failures="0" timestamp="17 Sep 2017 09:50:52 GMT" time="2.654" errors="0">
  <testcase name="PlaceAnOrderWithMultipleItem" time="2.654" classname="com.test.microservices.TestShoppingSite"/>
</testsuite> <!-- com.test.microservices.TestShoppingSite -->
